[Tue, 24 Mar 2015 12:00:18 +0100] revision: Directorio 
 no versionado[Tue, 24 Mar 2015 13:44:32 +0100] revision: Directorio 
 no versionado[Wed, 25 Mar 2015 18:38:47 +0100] revision: Directorio 
 no versionado[Wed, 25 Mar 2015 18:39:36 +0100] revision: Directorio 
 no versionado[Wed, 25 Mar 2015 18:40:24 +0100] revision: Directorio 
 no versionado[Wed, 25 Mar 2015 19:07:09 +0100] revision: Directorio 
 no versionado[Wed, 25 Mar 2015 19:11:24 +0100] revision: Directorio 
 no versionado[Wed, 25 Mar 2015 19:13:12 +0100] revision: Directorio 
 no versionado[Wed, 25 Mar 2015 19:14:59 +0100] revision: Directorio 
 no versionado[Wed, 25 Mar 2015 19:16:09 +0100] revision: Directorio 
 no versionado[Thu, 26 Mar 2015 11:16:09 +0100] revision: Directorio 
 no versionado[Thu, 26 Mar 2015 11:59:29 +0100] revision: Directorio 
 no versionado[Thu, 26 Mar 2015 12:23:11 +0100] revision: Directorio 
 no versionado[Thu, 26 Mar 2015 12:46:39 +0100] revision: Directorio 
 no versionado[Thu, 26 Mar 2015 12:57:08 +0100] revision: Directorio 
 no versionado[Thu, 26 Mar 2015 13:00:28 +0100] revision: Directorio 
 no versionado[Thu, 26 Mar 2015 13:43:44 +0100] revision: Directorio 
 no versionado[Thu, 26 Mar 2015 13:55:29 +0100] revision: Directorio 
 no versionado[Mon, 30 Mar 2015 12:07:04 +0200] revision: Directorio 
 no versionado[Mon, 30 Mar 2015 12:17:07 +0200] revision: Directorio 
 no versionado[Tue, 31 Mar 2015 17:51:47 +0200] revision: Directorio 
 no versionado[Wed, 01 Apr 2015 11:43:18 +0200] revision: Directorio 
 no versionado[Wed, 01 Apr 2015 12:21:50 +0200] revision: Directorio 
 no versionado